The system is: Windows - 10.0.22000 - AMD64
Compiling the C compiler identification source file "CMakeCCompilerId.c" succeeded.
Compiler: C:/Program Files/Microsoft Visual Studio/2022/Community/VC/Tools/MSVC/14.30.30705/bin/Hostx64/x64/cl.exe 
Build flags: 
Id flags:  

The output was:
0
Microsoft (R) C/C++ Optimizing Compiler Version 19.30.30705 for x64
Copyright (C) Microsoft Corporation.  All rights reserved.

CMakeCCompilerId.c
Microsoft (R) Incremental Linker Version 14.30.30705.0
Copyright (C) Microsoft Corporation.  All rights reserved.

/out:CMakeCCompilerId.exe 
CMakeCCompilerId.obj 


Compilation of the C compiler identification source "CMakeCCompilerId.c" produced "CMakeCCompilerId.exe"

Compilation of the C compiler identification source "CMakeCCompilerId.c" produced "CMakeCCompilerId.obj"

The C compiler identification is MSVC, found in "C:/Users/penci/OneDrive/Desktop/librapid/testing/BigDecimal/cmake-build-release/CMakeFiles/3.21.21080301-MSVC_2/CompilerIdC/CMakeCCompilerId.exe"

Compiling the CXX compiler identification source file "CMakeCXXCompilerId.cpp" succeeded.
Compiler: C:/Program Files/Microsoft Visual Studio/2022/Community/VC/Tools/MSVC/14.30.30705/bin/Hostx64/x64/cl.exe 
Build flags: 
Id flags:  

The output was:
0
Microsoft (R) C/C++ Optimizing Compiler Version 19.30.30705 for x64
Copyright (C) Microsoft Corporation.  All rights reserved.

CMakeCXXCompilerId.cpp
Microsoft (R) Incremental Linker Version 14.30.30705.0
Copyright (C) Microsoft Corporation.  All rights reserved.

/out:CMakeCXXCompilerId.exe 
CMakeCXXCompilerId.obj 


Compilation of the CXX compiler identification source "CMakeCXXCompilerId.cpp" produced "CMakeCXXCompilerId.exe"

Compilation of the CXX compiler identification source "CMakeCXXCompilerId.cpp" produced "CMakeCXXCompilerId.obj"

The CXX compiler identification is MSVC, found in "C:/Users/penci/OneDrive/Desktop/librapid/testing/BigDecimal/cmake-build-release/CMakeFiles/3.21.21080301-MSVC_2/CompilerIdCXX/CMakeCXXCompilerId.exe"

Detecting C compiler ABI info compiled with the following output:
Change Dir: C:/Users/penci/OneDrive/Desktop/librapid/testing/BigDecimal/cmake-build-release/CMakeFiles/CMakeTmp

Run Build Command(s):nmake -f Makefile /nologo cmTC_c8517\fast && 	"C:\Program Files\Microsoft Visual Studio\2022\Community\VC\Tools\MSVC\14.30.30705\bin\HostX64\x64\nmake.exe"  -f CMakeFiles\cmTC_c8517.dir\build.make /nologo -L                  CMakeFiles\cmTC_c8517.dir\build
Building C object CMakeFiles/cmTC_c8517.dir/CMakeCCompilerABI.c.obj
	"C:\Program Files\Microsoft Visual Studio\2022\Community\Common7\IDE\CommonExtensions\Microsoft\CMake\CMake\bin\cmake.exe" -E cmake_cl_compile_depends --dep-file=CMakeFiles\cmTC_c8517.dir\CMakeCCompilerABI.c.obj.d --working-dir=C:\Users\penci\OneDrive\Desktop\librapid\testing\BigDecimal\cmake-build-release\CMakeFiles\CMakeTmp --filter-prefix="" -- C:\PROGRA~1\MIB055~1\2022\COMMUN~1\VC\Tools\MSVC\1430~1.307\bin\Hostx64\x64\cl.exe @C:\Users\penci\AppData\Local\Temp\nm52CA.tmp
Linking C executable cmTC_c8517.exe
	"C:\Program Files\Microsoft Visual Studio\2022\Community\Common7\IDE\CommonExtensions\Microsoft\CMake\CMake\bin\cmake.exe" -E vs_link_exe --intdir=CMakeFiles\cmTC_c8517.dir --rc=C:\PROGRA~2\WI3CF2~1\10\bin\100220~1.0\x64\rc.exe --mt=C:\PROGRA~2\WI3CF2~1\10\bin\100220~1.0\x64\mt.exe --manifests -- C:\PROGRA~1\MIB055~1\2022\COMMUN~1\VC\Tools\MSVC\1430~1.307\bin\Hostx64\x64\link.exe /nologo @CMakeFiles\cmTC_c8517.dir\objects1.rsp @C:\Users\penci\AppData\Local\Temp\nm5471.tmp



Detecting CXX compiler ABI info compiled with the following output:
Change Dir: C:/Users/penci/OneDrive/Desktop/librapid/testing/BigDecimal/cmake-build-release/CMakeFiles/CMakeTmp

Run Build Command(s):nmake -f Makefile /nologo cmTC_f80aa\fast && 	"C:\Program Files\Microsoft Visual Studio\2022\Community\VC\Tools\MSVC\14.30.30705\bin\HostX64\x64\nmake.exe"  -f CMakeFiles\cmTC_f80aa.dir\build.make /nologo -L                  CMakeFiles\cmTC_f80aa.dir\build
Building CXX object CMakeFiles/cmTC_f80aa.dir/CMakeCXXCompilerABI.cpp.obj
	"C:\Program Files\Microsoft Visual Studio\2022\Community\Common7\IDE\CommonExtensions\Microsoft\CMake\CMake\bin\cmake.exe" -E cmake_cl_compile_depends --dep-file=CMakeFiles\cmTC_f80aa.dir\CMakeCXXCompilerABI.cpp.obj.d --working-dir=C:\Users\penci\OneDrive\Desktop\librapid\testing\BigDecimal\cmake-build-release\CMakeFiles\CMakeTmp --filter-prefix="" -- C:\PROGRA~1\MIB055~1\2022\COMMUN~1\VC\Tools\MSVC\1430~1.307\bin\Hostx64\x64\cl.exe @C:\Users\penci\AppData\Local\Temp\nm5895.tmp
Linking CXX executable cmTC_f80aa.exe
	"C:\Program Files\Microsoft Visual Studio\2022\Community\Common7\IDE\CommonExtensions\Microsoft\CMake\CMake\bin\cmake.exe" -E vs_link_exe --intdir=CMakeFiles\cmTC_f80aa.dir --rc=C:\PROGRA~2\WI3CF2~1\10\bin\100220~1.0\x64\rc.exe --mt=C:\PROGRA~2\WI3CF2~1\10\bin\100220~1.0\x64\mt.exe --manifests -- C:\PROGRA~1\MIB055~1\2022\COMMUN~1\VC\Tools\MSVC\1430~1.307\bin\Hostx64\x64\link.exe /nologo @CMakeFiles\cmTC_f80aa.dir\objects1.rsp @C:\Users\penci\AppData\Local\Temp\nm5923.tmp



